<?xml version="1.0" encoding="UTF-8"?>
<!-- Generated by org.testng.reporters.JUnitXMLReporter -->
<testsuite ignored="0" hostname="LAPTOP-BT5CJTDM" failures="0" tests="4" name="Test" time="0.039" errors="0" timestamp="2022-01-27T06:54:10 IST">
  <testcase classname="qaclickacademy.seliniumjava.RestapiTest" name="deleteTwitter" time="0.003"/>
  <testcase classname="qaclickacademy.seliniumjava.RestapiTest" name="postJira" time="0.001"/>
  <testcase classname="qaclickacademy.seliniumjava.AppiumTest" name="IOSApps" time="0.001"/>
  <testcase classname="qaclickacademy.seliniumjava.AppiumTest" name="NativeTestAndroid" time="0.001"/>
</testsuite> <!-- Test -->
