<?xml version="1.0" encoding="UTF-8"?>
<testng-results ignored="0" total="4" passed="4" failed="0" skipped="0">
  <reporter-output>
  </reporter-output>
  <suite started-at="2022-01-27T06:54:10 IST" name="Suite" finished-at="2022-01-27T06:54:10 IST" duration-ms="39">
    <groups>
    </groups>
    <test started-at="2022-01-27T06:54:10 IST" name="Test" finished-at="2022-01-27T06:54:10 IST" duration-ms="39">
      <class name="qaclickacademy.seliniumjava.RestapiTest">
        <test-method signature="deleteTwitter()[pri:0, instance:qaclickacademy.seliniumjava.RestapiTest@1b6e1eff]" started-at="2022-01-27T06:54:10 IST" name="deleteTwitter" finished-at="2022-01-27T06:54:10 IST" duration-ms="3" status="PASS">
          <reporter-output>
          </reporter-output>
        </test-method> <!-- deleteTwitter -->
        <test-method signature="postJira()[pri:0, instance:qaclickacademy.seliniumjava.RestapiTest@1b6e1eff]" started-at="2022-01-27T06:54:10 IST" name="postJira" finished-at="2022-01-27T06:54:10 IST" duration-ms="1" status="PASS">
          <reporter-output>
          </reporter-output>
        </test-method> <!-- postJira -->
      </class> <!-- qaclickacademy.seliniumjava.RestapiTest -->
      <class name="qaclickacademy.seliniumjava.AppiumTest">
        <test-method signature="IOSApps()[pri:0, instance:qaclickacademy.seliniumjava.AppiumTest@6bedbc4d]" started-at="2022-01-27T06:54:10 IST" name="IOSApps" finished-at="2022-01-27T06:54:10 IST" duration-ms="1" status="PASS">
          <reporter-output>
          </reporter-output>
        </test-method> <!-- IOSApps -->
        <test-method signature="NativeTestAndroid()[pri:0, instance:qaclickacademy.seliniumjava.AppiumTest@6bedbc4d]" started-at="2022-01-27T06:54:10 IST" name="NativeTestAndroid" finished-at="2022-01-27T06:54:10 IST" duration-ms="1" status="PASS">
          <reporter-output>
          </reporter-output>
        </test-method> <!-- NativeTestAndroid -->
      </class> <!-- qaclickacademy.seliniumjava.AppiumTest -->
    </test> <!-- Test -->
  </suite> <!-- Suite -->
</testng-results>
