<?xml version="1.0" encoding="UTF-8"?>
<testng-results ignored="0" total="2" passed="2" failed="0" skipped="0">
  <reporter-output>
  </reporter-output>
  <suite started-at="2022-01-20T12:11:43 IST" name="Default suite" finished-at="2022-01-20T12:11:43 IST" duration-ms="62">
    <groups>
    </groups>
    <test started-at="2022-01-20T12:11:43 IST" name="Default test" finished-at="2022-01-20T12:11:43 IST" duration-ms="62">
      <class name="qaclickacademy.seliniumjava.Appiumtest">
        <test-method signature="IOSApps()[pri:0, instance:qaclickacademy.seliniumjava.Appiumtest@4fb3ee4e]" started-at="2022-01-20T12:11:43 IST" name="IOSApps" finished-at="2022-01-20T12:11:43 IST" duration-ms="8" status="PASS">
          <reporter-output>
          </reporter-output>
        </test-method> <!-- IOSApps -->
        <test-method signature="NativeTestAndroid()[pri:0, instance:qaclickacademy.seliniumjava.Appiumtest@4fb3ee4e]" started-at="2022-01-20T12:11:43 IST" name="NativeTestAndroid" finished-at="2022-01-20T12:11:43 IST" duration-ms="0" status="PASS">
          <reporter-output>
          </reporter-output>
        </test-method> <!-- NativeTestAndroid -->
      </class> <!-- qaclickacademy.seliniumjava.Appiumtest -->
    </test> <!-- Default test -->
  </suite> <!-- Default suite -->
</testng-results>
